Using pre-set license
Built from '2020.3/staging' branch; Version is '2020.3.11f1 (99c7afb366b3) revision 10078127'; Using compiler version '192528614'; Build Type 'Release'
OS: 'Windows 7  (6.1.0) 64bit' Language: 'en' Physical Memory: 24495 MB
BatchMode: 1, IsHumanControllingUs: 0, StartBugReporterOnCrash: 0, Is64bit: 1, IsPro: 0

 COMMAND LINE ARGUMENTS:
C:\Program Files\Unity\Hub\Editor\2020.3.11f1\Editor\Unity.exe
-adb2
-batchMode
-noUpm
-name
AssetImportWorker0
-projectPath
C:/Users/Owner/Desktop/WoosFirstGame/New Unity Project
-logFile
Logs/AssetImportWorker0.log
-srvPort
56642
Successfully changed project path to: C:/Users/Owner/Desktop/WoosFirstGame/New Unity Project
C:/Users/Owner/Desktop/WoosFirstGame/New Unity Project
Using Asset Import Pipeline V2.
Refreshing native plugins compatible for Editor in 86.07 ms, found 2 plugins.
Preloading 0 native plugins for Editor in 0.00 ms.
Initialize engine version: 2020.3.11f1 (99c7afb366b3)
[Subsystems] Discovering subsystems at path C:/Program Files/Unity/Hub/Editor/2020.3.11f1/Editor/Data/Resources/UnitySubsystems
[Subsystems] Discovering subsystems at path C:/Users/Owner/Desktop/WoosFirstGame/New Unity Project/Assets
GfxDevice: creating device client; threaded=0
d3d11: CreateDXGIFactory2(...) not found, fallbacking to CreateDXGIFactory1(...).
d3d11: QueryInterface(IDXGIFactory5) failed (80004002).
Direct3D:
    Version:  Direct3D 11.0 [level 11.0]
    Renderer: NVIDIA GeForce GTX 950 (ID=0x1402)
    Vendor:   
    VRAM:     1960 MB
    Driver:   27.21.14.6140
Initialize mono
Mono path[0] = 'C:/Program Files/Unity/Hub/Editor/2020.3.11f1/Editor/Data/Managed'
Mono path[1] = 'C:/Program Files/Unity/Hub/Editor/2020.3.11f1/Editor/Data/MonoBleedingEdge/lib/mono/unityjit'
Mono config path = 'C:/Program Files/Unity/Hub/Editor/2020.3.11f1/Editor/Data/MonoBleedingEdge/etc'
Using monoOptions --debugger-agent=transport=dt_socket,embedding=1,server=y,suspend=n,address=127.0.0.1:56352
Begin MonoManager ReloadAssembly
Registering precompiled unity dll's ...
Register platform support module: C:/Program Files/Unity/Hub/Editor/2020.3.11f1/Editor/Data/PlaybackEngines/WindowsStandaloneSupport/UnityEditor.WindowsStandalone.Extensions.dll
Registered in 0.001939 seconds.
Native extension for WindowsStandalone target not found
Refreshing native plugins compatible for Editor in 92.79 ms, found 2 plugins.
Preloading 0 native plugins for Editor in 0.00 ms.
Mono: successfully reloaded assembly
- Completed reload, in  2.592 seconds
Platform modules already initialized, skipping
Registering precompiled user dll's ...
Registered in 0.008011 seconds.
Begin MonoManager ReloadAssembly
Native extension for WindowsStandalone target not found
Refreshing native plugins compatible for Editor in 89.47 ms, found 2 plugins.
Preloading 0 native plugins for Editor in 0.00 ms.
Mono: successfully reloaded assembly
- Completed reload, in  2.001 seconds
Platform modules already initialized, skipping
========================================================================
Worker process is ready to serve import requests
Shader 'Universal Render Pipeline/Particles/Lit': fallback shader 'Universal Render Pipeline/Particles/SimpleLit' not found
Shader 'Universal Render Pipeline/Particles/Lit': fallback shader 'Universal Render Pipeline/Particles/SimpleLit' not found
Launched and connected shader compiler UnityShaderCompiler.exe after 0.06 seconds
Refreshing native plugins compatible for Editor in 1.08 ms, found 2 plugins.
Preloading 0 native plugins for Editor in 0.00 ms.
Unloading 2692 Unused Serialized files (Serialized files now loaded: 0)
System memory in use before: 123.2 MB.
System memory in use after: 120.8 MB.

Unloading 49 unused Assets to reduce memory usage. Loaded Objects now: 3101.
Total: 6.785837 ms (FindLiveObjects: 0.673177 ms CreateObjectMapping: 0.246203 ms MarkObjects: 3.438527 ms  DeleteObjects: 2.425434 ms)

========================================================================
Received Import Request.
  path: Assets/New Terrain 1.asset
  artifactKey: Guid(d529f4ccccb82a94da1d3a79d56b9afb) Importer(815301076,1909f56bfc062723c751e8b465ee728b)
Start importing Assets/New Terrain 1.asset using Guid(d529f4ccccb82a94da1d3a79d56b9afb) Importer(815301076,1909f56bfc062723c751e8b465ee728b)  -> (artifact id: '356d066e5036436fbff4155b523b3e45') in 0.107104 seconds
  Import took 0.118704 seconds .

========================================================================
Received Prepare
Registering precompiled user dll's ...
Registered in 0.008497 seconds.
Begin MonoManager ReloadAssembly
Native extension for WindowsStandalone target not found
Refreshing native plugins compatible for Editor in 1.12 ms, found 2 plugins.
Preloading 0 native plugins for Editor in 0.00 ms.
Warning: Annotation not found!
UnityEngine.StackTraceUtility:ExtractStackTrace ()
UnityEditor.ProBuilder.EditorUtility:SetGizmoIconEnabled (System.Type,bool) (at Library/PackageCache/com.unity.probuilder@4.5.0/Editor/EditorCore/EditorUtility.cs:593)
UnityEditor.ProBuilder.HierarchyListener:.cctor () (at Library/PackageCache/com.unity.probuilder@4.5.0/Editor/EditorCore/HierarchyListener.cs:21)
System.Runtime.CompilerServices.RuntimeHelpers:RunClassConstructor (System.RuntimeTypeHandle)
UnityEditor.EditorAssemblies:ProcessInitializeOnLoadAttributes (System.Type[])

[Library/PackageCache/com.unity.probuilder@4.5.0/Editor/EditorCore/EditorUtility.cs line 593]

Mono: successfully reloaded assembly
- Completed reload, in  1.980 seconds
Platform modules already initialized, skipping
Shader 'Universal Render Pipeline/Particles/Lit': fallback shader 'Universal Render Pipeline/Particles/SimpleLit' not found
Shader 'Universal Render Pipeline/Particles/Lit': fallback shader 'Universal Render Pipeline/Particles/SimpleLit' not found
Refreshing native plugins compatible for Editor in 1.07 ms, found 2 plugins.
Preloading 0 native plugins for Editor in 0.00 ms.
Unloading 2979 Unused Serialized files (Serialized files now loaded: 0)
System memory in use before: 135.5 MB.
System memory in use after: 131.8 MB.

Unloading 63 unused Assets to reduce memory usage. Loaded Objects now: 3457.
Total: 13.357909 ms (FindLiveObjects: 0.840917 ms CreateObjectMapping: 0.333539 ms MarkObjects: 6.383261 ms  DeleteObjects: 5.797974 ms)

========================================================================
Received Import Request.
  Time since last request: 1933.078057 seconds.
  path: Assets/New Terrain 1.asset
  artifactKey: Guid(d529f4ccccb82a94da1d3a79d56b9afb) Importer(815301076,1909f56bfc062723c751e8b465ee728b)
Start importing Assets/New Terrain 1.asset using Guid(d529f4ccccb82a94da1d3a79d56b9afb) Importer(815301076,1909f56bfc062723c751e8b465ee728b)  -> (artifact id: 'f633f86f26b8b10620592b4e3be5ecc0') in 0.026997 seconds
  Import took 0.035093 seconds .

========================================================================
Received Import Request.
  Time since last request: 1115.012515 seconds.
  path: Assets/New Terrain 1.asset
  artifactKey: Guid(d529f4ccccb82a94da1d3a79d56b9afb) Importer(815301076,1909f56bfc062723c751e8b465ee728b)
Start importing Assets/New Terrain 1.asset using Guid(d529f4ccccb82a94da1d3a79d56b9afb) Importer(815301076,1909f56bfc062723c751e8b465ee728b)  -> (artifact id: 'e908443cfb758a8e94062be9ad53693e') in 0.013694 seconds
  Import took 0.025446 seconds .

========================================================================
Received Import Request.
  Time since last request: 0.007474 seconds.
  path: Assets/New Terrain 1.asset
  artifactKey: Guid(d529f4ccccb82a94da1d3a79d56b9afb) Importer(815301076,1909f56bfc062723c751e8b465ee728b)
Start importing Assets/New Terrain 1.asset using Guid(d529f4ccccb82a94da1d3a79d56b9afb) Importer(815301076,1909f56bfc062723c751e8b465ee728b)  -> (artifact id: 'e908443cfb758a8e94062be9ad53693e') in 0.006244 seconds
  Import took 0.014851 seconds .

AssetImportWorkerClient::OnTransportError - code=2 error=End of file
